0 info it worked if it ends with ok
1 verbose cli [ 'node', '/usr/local/bin/npm', 'install', 'stylus', '-g' ]
2 info using npm@2.5.1
3 info using node@v0.12.0
4 silly cache add args [ 'stylus', null ]
5 verbose cache add spec stylus
6 silly cache add parsed spec { raw: 'stylus',
6 silly cache add   scope: null,
6 silly cache add   name: 'stylus',
6 silly cache add   rawSpec: '',
6 silly cache add   spec: '*',
6 silly cache add   type: 'range' }
7 verbose addNamed stylus@*
8 silly addNamed semver.valid null
9 silly addNamed semver.validRange *
10 silly addNameRange { name: 'stylus', range: '*', hasData: false }
11 silly mapToRegistry name stylus
12 silly mapToRegistry using default registry
13 silly mapToRegistry registry https://registry.npmjs.org/
14 silly mapToRegistry uri https://registry.npmjs.org/stylus
15 verbose addNameRange registry:https://registry.npmjs.org/stylus not in flight; fetching
16 verbose request uri https://registry.npmjs.org/stylus
17 verbose request no auth needed
18 info attempt registry request try #1 at 10:10:58 PM
19 verbose request id c28de4035b9f6794
20 verbose etag "29BX6YM1HMHQPI5HM293XYO6R"
21 http request GET https://registry.npmjs.org/stylus
22 http 304 https://registry.npmjs.org/stylus
23 silly get cb [ 304,
23 silly get   { date: 'Tue, 17 Mar 2015 02:10:58 GMT',
23 silly get     server: 'Apache',
23 silly get     via: '1.1 varnish',
23 silly get     'last-modified': 'Tue, 17 Mar 2015 02:10:59 GMT',
23 silly get     'cache-control': 'max-age=60',
23 silly get     etag: '"29BX6YM1HMHQPI5HM293XYO6R"',
23 silly get     age: '0',
23 silly get     'x-served-by': 'cache-dfw1820-DFW',
23 silly get     'x-cache': 'HIT',
23 silly get     'x-cache-hits': '1',
23 silly get     'x-timer': 'S1426558258.820944,VS0,VE260',
23 silly get     vary: 'Accept',
23 silly get     'content-length': '0',
23 silly get     'keep-alive': 'timeout=10, max=50',
23 silly get     connection: 'Keep-Alive' } ]
24 verbose etag https://registry.npmjs.org/stylus from cache
25 verbose get saving stylus to /Users/Doris/.npm/registry.npmjs.org/stylus/.cache.json
26 silly addNameRange number 2 { name: 'stylus', range: '*', hasData: true }
27 silly addNameRange versions [ 'stylus',
27 silly addNameRange   [ '0.0.1',
27 silly addNameRange     '0.0.2',
27 silly addNameRange     '0.1.0',
27 silly addNameRange     '0.2.0',
27 silly addNameRange     '0.2.1',
27 silly addNameRange     '0.3.0',
27 silly addNameRange     '0.3.1',
27 silly addNameRange     '0.4.0',
27 silly addNameRange     '0.4.1',
27 silly addNameRange     '0.5.0',
27 silly addNameRange     '0.5.1',
27 silly addNameRange     '0.5.2',
27 silly addNameRange     '0.5.3',
27 silly addNameRange     '0.6.0',
27 silly addNameRange     '0.6.2',
27 silly addNameRange     '0.6.3',
27 silly addNameRange     '0.6.4',
27 silly addNameRange     '0.6.5',
27 silly addNameRange     '0.6.6',
27 silly addNameRange     '0.6.7',
27 silly addNameRange     '0.7.0',
27 silly addNameRange     '0.7.1',
27 silly addNameRange     '0.7.2',
27 silly addNameRange     '0.7.3',
27 silly addNameRange     '0.7.4',
27 silly addNameRange     '0.8.0',
27 silly addNameRange     '0.9.0',
27 silly addNameRange     '0.9.1',
27 silly addNameRange     '0.9.2',
27 silly addNameRange     '0.10.0',
27 silly addNameRange     '0.11.0',
27 silly addNameRange     '0.11.1',
27 silly addNameRange     '0.11.2',
27 silly addNameRange     '0.11.3',
27 silly addNameRange     '0.11.4',
27 silly addNameRange     '0.11.5',
27 silly addNameRange     '0.11.6',
27 silly addNameRange     '0.11.7',
27 silly addNameRange     '0.11.8',
27 silly addNameRange     '0.11.9',
27 silly addNameRange     '0.11.10',
27 silly addNameRange     '0.11.11',
27 silly addNameRange     '0.11.12',
27 silly addNameRange     '0.12.0',
27 silly addNameRange     '0.12.1',
27 silly addNameRange     '0.12.2',
27 silly addNameRange     '0.12.3',
27 silly addNameRange     '0.12.4',
27 silly addNameRange     '0.13.0',
27 silly addNameRange     '0.13.1',
27 silly addNameRange     '0.13.2',
27 silly addNameRange     '0.13.3',
27 silly addNameRange     '0.13.4',
27 silly addNameRange     '0.13.5',
27 silly addNameRange     '0.13.6',
27 silly addNameRange     '0.13.7',
27 silly addNameRange     '0.13.8',
27 silly addNameRange     '0.13.9',
27 silly addNameRange     '0.14.0',
27 silly addNameRange     '0.15.0',
27 silly addNameRange     '0.15.1',
27 silly addNameRange     '0.15.2',
27 silly addNameRange     '0.15.3',
27 silly addNameRange     '0.15.4',
27 silly addNameRange     '0.16.0',
27 silly addNameRange     '0.17.0',
27 silly addNameRange     '0.18.0',
27 silly addNameRange     '0.19.0',
27 silly addNameRange     '0.19.1',
27 silly addNameRange     '0.19.2',
27 silly addNameRange     '0.19.3',
27 silly addNameRange     '0.19.4',
27 silly addNameRange     '0.19.5',
27 silly addNameRange     '0.19.6',
27 silly addNameRange     '0.19.7',
27 silly addNameRange     '0.19.8',
27 silly addNameRange     '0.20.0',
27 silly addNameRange     '0.20.1',
27 silly addNameRange     '0.21.0',
27 silly addNameRange     '0.21.1',
27 silly addNameRange     '0.21.2',
27 silly addNameRange     '0.22.0',
27 silly addNameRange     '0.22.1',
27 silly addNameRange     '0.22.2',
27 silly addNameRange     '0.22.3',
27 silly addNameRange     '0.22.4',
27 silly addNameRange     '0.22.5',
27 silly addNameRange     '0.22.6',
27 silly addNameRange     '0.23.0',
27 silly addNameRange     '0.24.0',
27 silly addNameRange     '0.25.0',
27 silly addNameRange     '0.26.0',
27 silly addNameRange     '0.26.1',
27 silly addNameRange     '0.27.0',
27 silly addNameRange     '0.27.1',
27 silly addNameRange     '0.27.2',
27 silly addNameRange     '0.28.0',
27 silly addNameRange     '0.28.1',
27 silly addNameRange     '0.28.2',
27 silly addNameRange     '0.29.0',
27 silly addNameRange     '0.30.0',
27 silly addNameRange     '0.30.1',
27 silly addNameRange     '0.31.0',
27 silly addNameRange     '0.32.0',
27 silly addNameRange     '0.32.1',
27 silly addNameRange     '0.33.0',
27 silly addNameRange     '0.33.1',
27 silly addNameRange     '0.34.0',
27 silly addNameRange     '0.34.1',
27 silly addNameRange     '0.35.0',
27 silly addNameRange     '0.35.1',
27 silly addNameRange     '0.36.0',
27 silly addNameRange     '0.36.1',
27 silly addNameRange     '0.37.0',
27 silly addNameRange     '0.38.0',
27 silly addNameRange     '0.39.0',
27 silly addNameRange     '0.39.1',
27 silly addNameRange     '0.39.2',
27 silly addNameRange     '0.39.3',
27 silly addNameRange     '0.39.4',
27 silly addNameRange     '0.40.0',
27 silly addNameRange     '0.40.1',
27 silly addNameRange     '0.40.2',
27 silly addNameRange     '0.40.3',
27 silly addNameRange     '0.41.0',
27 silly addNameRange     '0.41.1',
27 silly addNameRange     '0.41.2',
27 silly addNameRange     '0.41.3',
27 silly addNameRange     '0.42.0',
27 silly addNameRange     '0.42.1',
27 silly addNameRange     '0.42.2',
27 silly addNameRange     '0.42.3',
27 silly addNameRange     '0.43.0',
27 silly addNameRange     '0.44.0-beta',
27 silly addNameRange     '0.43.1',
27 silly addNameRange     '0.44.0-beta2',
27 silly addNameRange     '0.44.0-beta3',
27 silly addNameRange     '0.44.0',
27 silly addNameRange     '0.45.0',
27 silly addNameRange     '0.45.1',
27 silly addNameRange     '0.46.0',
27 silly addNameRange     '0.46.1',
27 silly addNameRange     '0.46.2',
27 silly addNameRange     '0.46.3',
27 silly addNameRange     '0.47.0',
27 silly addNameRange     '0.47.1',
27 silly addNameRange     '0.47.2',
27 silly addNameRange     '0.47.3',
27 silly addNameRange     '0.48.0',
27 silly addNameRange     '0.48.1',
27 silly addNameRange     '0.49.0',
27 silly addNameRange     '0.49.1',
27 silly addNameRange     '0.49.2',
27 silly addNameRange     '0.49.3',
27 silly addNameRange     '0.50.0' ] ]
28 verbose addNamed stylus@0.50.0
29 silly addNamed semver.valid 0.50.0
30 silly addNamed semver.validRange 0.50.0
31 silly cache afterAdd stylus@0.50.0
32 verbose afterAdd /Users/Doris/.npm/stylus/0.50.0/package/package.json not in flight; writing
33 verbose afterAdd /Users/Doris/.npm/stylus/0.50.0/package/package.json written
34 silly install resolved [ { name: 'stylus',
34 silly install resolved     description: 'Robust, expressive, and feature-rich CSS superset',
34 silly install resolved     version: '0.50.0',
34 silly install resolved     author: { name: 'TJ Holowaychuk', email: 'tj@vision-media.ca' },
34 silly install resolved     keywords: [ 'css', 'parser', 'style', 'stylesheets', 'jade', 'language' ],
34 silly install resolved     repository: { type: 'git', url: 'git://github.com/LearnBoost/stylus' },
34 silly install resolved     main: './index.js',
34 silly install resolved     browserify: './lib/browserify.js',
34 silly install resolved     engines: { node: '*' },
34 silly install resolved     bin: { stylus: './bin/stylus' },
34 silly install resolved     scripts:
34 silly install resolved      { prepublish: 'npm prune',
34 silly install resolved        test: 'mocha test/ test/middleware/ --require should --bail --reporter dot',
34 silly install resolved        'test-cov': 'mocha test/ test/middleware/ --require should --bail --reporter html-cov > coverage.html' },
34 silly install resolved     dependencies:
34 silly install resolved      { 'css-parse': '1.7.x',
34 silly install resolved        mkdirp: '0.3.x',
34 silly install resolved        debug: '*',
34 silly install resolved        sax: '0.5.x',
34 silly install resolved        glob: '3.2.x',
34 silly install resolved        'source-map': '0.1.x' },
34 silly install resolved     devDependencies: { should: '2.x', mocha: '*', jscoverage: '0.3.8' },
34 silly install resolved     bugs: { url: 'https://github.com/LearnBoost/stylus/issues' },
34 silly install resolved     homepage: 'https://github.com/LearnBoost/stylus',
34 silly install resolved     directories: { doc: 'docs', example: 'examples', test: 'test' },
34 silly install resolved     license: 'MIT',
34 silly install resolved     _id: 'stylus@0.50.0',
34 silly install resolved     _shasum: '2391f0df1ce1dde55a5a8df26b6906a9425ced05',
34 silly install resolved     _from: 'stylus@*',
34 silly install resolved     _npmVersion: '1.4.9',
34 silly install resolved     _npmUser: { name: 'kizu', email: 'kizmarh@ya.ru' },
34 silly install resolved     maintainers: [ [Object], [Object] ],
34 silly install resolved     dist:
34 silly install resolved      { shasum: '2391f0df1ce1dde55a5a8df26b6906a9425ced05',
34 silly install resolved        tarball: 'http://registry.npmjs.org/stylus/-/stylus-0.50.0.tgz' },
34 silly install resolved     _resolved: 'https://registry.npmjs.org/stylus/-/stylus-0.50.0.tgz',
34 silly install resolved     readme: 'ERROR: No README data found!' } ]
35 info install stylus@0.50.0 into /usr/local/lib
36 info installOne stylus@0.50.0
37 verbose installOne of stylus to /usr/local/lib not in flight; installing
38 verbose lock using /Users/Doris/.npm/_locks/stylus-c3eec871ff9af39a.lock for /usr/local/lib/node_modules/stylus
39 silly install write writing stylus 0.50.0 to /usr/local/lib/node_modules/stylus
40 silly cache addNamed cb stylus@0.50.0
41 verbose unbuild lib/node_modules/stylus
42 verbose gentlyRm vacuuming /usr/local/lib/node_modules/stylus
43 verbose tar unpack /Users/Doris/.npm/stylus/0.50.0/package.tgz
44 verbose tar unpacking to /usr/local/lib/node_modules/stylus
45 verbose gentlyRm vacuuming /usr/local/lib/node_modules/stylus
46 silly gunzTarPerm modes [ '755', '644' ]
47 error tar.unpack untar error /Users/Doris/.npm/stylus/0.50.0/package.tgz
48 verbose unlock done using /Users/Doris/.npm/_locks/stylus-c3eec871ff9af39a.lock for /usr/local/lib/node_modules/stylus
49 verbose fstream_path /usr/local/lib/node_modules/stylus
50 verbose fstream_type Directory
51 verbose fstream_class DirWriter
52 verbose stack Error: EACCES, mkdir '/usr/local/lib/node_modules/stylus'
52 verbose stack     at Error (native)
53 verbose fstream_stack /usr/local/lib/node_modules/npm/node_modules/fstream/lib/dir-writer.js:36:23
53 verbose fstream_stack /usr/local/lib/node_modules/npm/node_modules/mkdirp/index.js:46:53
53 verbose fstream_stack FSReqWrap.oncomplete (fs.js:99:15)
54 verbose cwd /Users/Doris/Sites/webscienceproject/project_new
55 error Darwin 14.1.0
56 error argv "node" "/usr/local/bin/npm" "install" "stylus" "-g"
57 error node v0.12.0
58 error npm  v2.5.1
59 error path /usr/local/lib/node_modules/stylus
60 error code EACCES
61 error errno -13
62 error Error: EACCES, mkdir '/usr/local/lib/node_modules/stylus'
62 error     at Error (native)
62 error  { [Error: EACCES, mkdir '/usr/local/lib/node_modules/stylus']
62 error   errno: -13,
62 error   code: 'EACCES',
62 error   path: '/usr/local/lib/node_modules/stylus',
62 error   fstream_type: 'Directory',
62 error   fstream_path: '/usr/local/lib/node_modules/stylus',
62 error   fstream_class: 'DirWriter',
62 error   fstream_stack:
62 error    [ '/usr/local/lib/node_modules/npm/node_modules/fstream/lib/dir-writer.js:36:23',
62 error      '/usr/local/lib/node_modules/npm/node_modules/mkdirp/index.js:46:53',
62 error      'FSReqWrap.oncomplete (fs.js:99:15)' ] }
63 error Please try running this command again as root/Administrator.
64 verbose exit [ -13, true ]
65 verbose unbuild lib/node_modules/stylus
66 verbose gentlyRm vacuuming /usr/local/lib/node_modules/stylus
